# JRE version: OpenJDK Runtime Environment Temurin-21.0.2+13 (21.0.2+13) (build 21.0.2+13-LTS)
# Java VM: OpenJDK 64-Bit Server VM Temurin-21.0.2+13 (21.0.2+13-LTS, mixed mode, sharing, tiered, compressed oops, compressed class ptrs, g1 gc, windows-amd64)
GC Precious Log:
 CardTable entry size: 512
 Card Set container configuration: InlinePtr #cards 4 size 8 Array Of Cards #cards 32 size 80 Howl #buckets 8 coarsen threshold 7372 Howl Bitmap #cards 1024 size 144 coarsen threshold 921 Card regions per heap region 1 cards per card region 8192
 CPUs: 12 total, 12 available
 Memory: 8013M
 Large Page Support: Disabled
 NUMA Support: Disabled
 Compressed Oops: Enabled (Zero based)
 Heap Region Size: 4M
 Heap Min Capacity: 8M
 Heap Initial Capacity: 128M
 Heap Max Capacity: 8G
 Pre-touch: Disabled
 Parallel Workers: 10
 Concurrent Workers: 3
 Concurrent Refinement Workers: 10
 Periodic GC: Disabled
Heap:
 garbage-first heap   total 348160K, used 238528K [0x0000000600000000, 0x0000000800000000)
  region size 4096K, 10 young (40960K), 3 survivors (12288K)
 Metaspace       used 121058K, committed 123840K, reserved 1179648K
  class space    used 16613K, committed 18048K, reserved 1048576K
GC Heap History (20 events):
Event: 67.788 GC heap before
{Heap before GC invocations=39 (full 0):
 garbage-first heap   total 225280K, used 189688K [0x0000000600000000, 0x0000000800000000)
  region size 4096K, 17 young (69632K), 2 survivors (8192K)
 Metaspace       used 94939K, committed 97216K, reserved 1179648K
  class space    used 13563K, committed 14720K, reserved 1048576K
}
Event: 67.867 GC heap after
{Heap after GC invocations=40 (full 0):
 garbage-first heap   total 225280K, used 131943K [0x0000000600000000, 0x0000000800000000)
  region size 4096K, 3 young (12288K), 3 survivors (12288K)
 Metaspace       used 94939K, committed 97216K, reserved 1179648K
  class space    used 13563K, committed 14720K, reserved 1048576K
}
Event: 75.049 GC heap before
{Heap before GC invocations=40 (full 0):
 garbage-first heap   total 225280K, used 197479K [0x0000000600000000, 0x0000000800000000)
  region size 4096K, 18 young (73728K), 3 survivors (12288K)
 Metaspace       used 97919K, committed 100288K, reserved 1179648K
  class space    used 13944K, committed 15168K, reserved 1048576K
}
Event: 75.424 GC heap after
{Heap after GC invocations=41 (full 0):
 garbage-first heap   total 225280K, used 139918K [0x0000000600000000, 0x0000000800000000)
  region size 4096K, 3 young (12288K), 3 survivors (12288K)
 Metaspace       used 97919K, committed 100288K, reserved 1179648K
  class space    used 13944K, committed 15168K, reserved 1048576K
}
Event: 76.476 GC heap before
{Heap before GC invocations=41 (full 0):
 garbage-first heap   total 225280K, used 144014K [0x0000000600000000, 0x0000000800000000)
  region size 4096K, 4 young (16384K), 3 survivors (12288K)
 Metaspace       used 98034K, committed 100416K, reserved 1179648K
  class space    used 13958K, committed 15168K, reserved 1048576K
}
Event: 76.519 GC heap after
{Heap after GC invocations=42 (full 0):
 garbage-first heap   total 225280K, used 140446K [0x0000000600000000, 0x0000000800000000)
  region size 4096K, 1 young (4096K), 1 survivors (4096K)
 Metaspace       used 98034K, committed 100416K, reserved 1179648K
  class space    used 13958K, committed 15168K, reserved 1048576K
}
Event: 82.438 GC heap before
{Heap before GC invocations=43 (full 0):
 garbage-first heap   total 253952K, used 201886K [0x0000000600000000, 0x0000000800000000)
  region size 4096K, 16 young (65536K), 1 survivors (4096K)
 Metaspace       used 98479K, committed 100864K, reserved 1179648K
  class space    used 13999K, committed 15232K, reserved 1048576K
}
Event: 82.458 GC heap after
{Heap after GC invocations=44 (full 0):
 garbage-first heap   total 253952K, used 144751K [0x0000000600000000, 0x0000000800000000)
  region size 4096K, 2 young (8192K), 2 survivors (8192K)
 Metaspace       used 98479K, committed 100864K, reserved 1179648K
  class space    used 13999K, committed 15232K, reserved 1048576K
}
Event: 84.511 GC heap before
{Heap before GC invocations=44 (full 0):
 garbage-first heap   total 253952K, used 222575K [0x0000000600000000, 0x0000000800000000)
  region size 4096K, 22 young (90112K), 2 survivors (8192K)
 Metaspace       used 98521K, committed 100928K, reserved 1179648K
  class space    used 13999K, committed 15232K, reserved 1048576K
}
Event: 84.533 GC heap after
{Heap after GC invocations=45 (full 0):
 garbage-first heap   total 253952K, used 148161K [0x0000000600000000, 0x0000000800000000)
  region size 4096K, 3 young (12288K), 3 survivors (12288K)
 Metaspace       used 98521K, committed 100928K, reserved 1179648K
  class space    used 13999K, committed 15232K, reserved 1048576K
}
Event: 85.083 GC heap before
{Heap before GC invocations=45 (full 0):
 garbage-first heap   total 253952K, used 221889K [0x0000000600000000, 0x0000000800000000)
  region size 4096K, 21 young (86016K), 3 survivors (12288K)
 Metaspace       used 98521K, committed 100928K, reserved 1179648K
  class space    used 13999K, committed 15232K, reserved 1048576K
}
Event: 85.094 GC heap after
{Heap after GC invocations=46 (full 0):
 garbage-first heap   total 307200K, used 149577K [0x0000000600000000, 0x0000000800000000)
  region size 4096K, 2 young (8192K), 2 survivors (8192K)
 Metaspace       used 98521K, committed 100928K, reserved 1179648K
  class space    used 13999K, committed 15232K, reserved 1048576K
}
Event: 97.610 GC heap before
{Heap before GC invocations=47 (full 0):
 garbage-first heap   total 307200K, used 276553K [0x0000000600000000, 0x0000000800000000)
  region size 4096K, 33 young (135168K), 2 survivors (8192K)
 Metaspace       used 105421K, committed 107904K, reserved 1179648K
  class space    used 14855K, committed 16064K, reserved 1048576K
}
Event: 97.636 GC heap after
{Heap after GC invocations=48 (full 0):
 garbage-first heap   total 307200K, used 162507K [0x0000000600000000, 0x0000000800000000)
  region size 4096K, 4 young (16384K), 4 survivors (16384K)
 Metaspace       used 105421K, committed 107904K, reserved 1179648K
  class space    used 14855K, committed 16064K, reserved 1048576K
}
Event: 102.236 GC heap before
{Heap before GC invocations=48 (full 0):
 garbage-first heap   total 307200K, used 273099K [0x0000000600000000, 0x0000000800000000)
  region size 4096K, 29 young (118784K), 4 survivors (16384K)
 Metaspace       used 109137K, committed 111680K, reserved 1179648K
  class space    used 15320K, committed 16576K, reserved 1048576K
}
Event: 102.379 GC heap after
{Heap after GC invocations=49 (full 0):
 garbage-first heap   total 319488K, used 184508K [0x0000000600000000, 0x0000000800000000)
  region size 4096K, 4 young (16384K), 4 survivors (16384K)
 Metaspace       used 109137K, committed 111680K, reserved 1179648K
  class space    used 15320K, committed 16576K, reserved 1048576K
}
Event: 106.469 GC heap before
{Heap before GC invocations=49 (full 0):
 garbage-first heap   total 319488K, used 270524K [0x0000000600000000, 0x0000000800000000)
  region size 4096K, 26 young (106496K), 4 survivors (16384K)
 Metaspace       used 112848K, committed 115328K, reserved 1179648K
  class space    used 15734K, committed 16960K, reserved 1048576K
}
Event: 106.548 GC heap after
{Heap after GC invocations=50 (full 0):
 garbage-first heap   total 319488K, used 204357K [0x0000000600000000, 0x0000000800000000)
  region size 4096K, 4 young (16384K), 4 survivors (16384K)
 Metaspace       used 112848K, committed 115328K, reserved 1179648K
  class space    used 15734K, committed 16960K, reserved 1048576K
}
Event: 113.365 GC heap before
{Heap before GC invocations=51 (full 0):
 garbage-first heap   total 348160K, used 294469K [0x0000000600000000, 0x0000000800000000)
  region size 4096K, 22 young (90112K), 4 survivors (16384K)
 Metaspace       used 118409K, committed 120896K, reserved 1179648K
  class space    used 16237K, committed 17472K, reserved 1048576K
}
Event: 113.399 GC heap after
{Heap after GC invocations=52 (full 0):
 garbage-first heap   total 348160K, used 213952K [0x0000000600000000, 0x0000000800000000)
  region size 4096K, 3 young (12288K), 3 survivors (12288K)
 Metaspace       used 118409K, committed 120896K, reserved 1179648K
  class space    used 16237K, committed 17472K, reserved 1048576K
}

